2026-05-08 17:41:20 [info]: Server running on port 5000 [development]
2026-05-08 17:41:20 [info]: API docs → http://localhost:5000/api/v1/docs
2026-05-08 17:41:20 [info]: MongoDB connected: 127.0.0.1
2026-05-08 17:41:35 [http]: ::1 - - [08/May/2026:12:11:35 +0000] "GET /api/v1/docs HTTP/1.1" 301 161 "-" "Mozilla/5.0 (Windows NT 10.0; Win64; x64) AppleWebKit/537.36 (KHTML, like Gecko) Cursor/3.2.11 Chrome/142.0.7444.265 Electron/39.8.1 Safari/537.36"
2026-05-08 17:41:35 [http]: ::1 - - [08/May/2026:12:11:35 +0000] "GET /api/v1/docs/ HTTP/1.1" 200 3117 "-" "Mozilla/5.0 (Windows NT 10.0; Win64; x64) AppleWebKit/537.36 (KHTML, like Gecko) Cursor/3.2.11 Chrome/142.0.7444.265 Electron/39.8.1 Safari/537.36"
2026-05-08 17:41:35 [http]: ::1 - - [08/May/2026:12:11:35 +0000] "GET /api/v1/docs/swagger-ui-init.js HTTP/1.1" 200 6367 "-" "Mozilla/5.0 (Windows NT 10.0; Win64; x64) AppleWebKit/537.36 (KHTML, like Gecko) Cursor/3.2.11 Chrome/142.0.7444.265 Electron/39.8.1 Safari/537.36"
2026-05-08 17:41:35 [http]: ::1 - - [08/May/2026:12:11:35 +0000] "GET /api/v1/docs/swagger-ui.css HTTP/1.1" 200 178890 "-" "Mozilla/5.0 (Windows NT 10.0; Win64; x64) AppleWebKit/537.36 (KHTML, like Gecko) Cursor/3.2.11 Chrome/142.0.7444.265 Electron/39.8.1 Safari/537.36"
2026-05-08 17:41:35 [http]: ::1 - - [08/May/2026:12:11:35 +0000] "GET /api/v1/docs/swagger-ui-standalone-preset.js HTTP/1.1" 200 251800 "-" "Mozilla/5.0 (Windows NT 10.0; Win64; x64) AppleWebKit/537.36 (KHTML, like Gecko) Cursor/3.2.11 Chrome/142.0.7444.265 Electron/39.8.1 Safari/537.36"
2026-05-08 17:41:35 [http]: ::1 - - [08/May/2026:12:11:35 +0000] "GET /api/v1/docs/swagger-ui-bundle.js HTTP/1.1" 200 1526763 "-" "Mozilla/5.0 (Windows NT 10.0; Win64; x64) AppleWebKit/537.36 (KHTML, like Gecko) Cursor/3.2.11 Chrome/142.0.7444.265 Electron/39.8.1 Safari/537.36"
2026-05-08 17:43:51 [http]: ::1 - - [08/May/2026:12:13:51 +0000] "POST /api/v1/auth/register HTTP/1.1" 201 487 "http://localhost:5173/" "Mozilla/5.0 (Windows NT 10.0; Win64; x64) AppleWebKit/537.36 (KHTML, like Gecko) Code/1.119.0 Chrome/142.0.7444.265 Electron/39.8.8 Safari/537.36"
2026-05-08 17:43:52 [http]: ::1 - - [08/May/2026:12:13:52 +0000] "GET /api/v1/dashboard HTTP/1.1" 200 321 "http://localhost:5173/" "Mozilla/5.0 (Windows NT 10.0; Win64; x64) AppleWebKit/537.36 (KHTML, like Gecko) Code/1.119.0 Chrome/142.0.7444.265 Electron/39.8.8 Safari/537.36"
2026-05-08 17:43:59 [http]: ::1 - - [08/May/2026:12:13:59 +0000] "GET /api/v1/leads?page=1&limit=15 HTTP/1.1" 200 110 "http://localhost:5173/" "Mozilla/5.0 (Windows NT 10.0; Win64; x64) AppleWebKit/537.36 (KHTML, like Gecko) Code/1.119.0 Chrome/142.0.7444.265 Electron/39.8.8 Safari/537.36"
2026-05-08 17:44:33 [http]: ::1 - - [08/May/2026:12:14:33 +0000] "POST /api/v1/leads HTTP/1.1" 201 693 "http://localhost:5173/" "Mozilla/5.0 (Windows NT 10.0; Win64; x64) AppleWebKit/537.36 (KHTML, like Gecko) Code/1.119.0 Chrome/142.0.7444.265 Electron/39.8.8 Safari/537.36"
2026-05-08 17:44:33 [http]: ::1 - - [08/May/2026:12:14:33 +0000] "GET /api/v1/leads?page=1&limit=15 HTTP/1.1" 200 745 "http://localhost:5173/" "Mozilla/5.0 (Windows NT 10.0; Win64; x64) AppleWebKit/537.36 (KHTML, like Gecko) Code/1.119.0 Chrome/142.0.7444.265 Electron/39.8.8 Safari/537.36"
2026-05-08 17:44:33 [http]: ::1 - - [08/May/2026:12:14:33 +0000] "GET /api/v1/leads?page=1&limit=15 HTTP/1.1" 304 - "http://localhost:5173/" "Mozilla/5.0 (Windows NT 10.0; Win64; x64) AppleWebKit/537.36 (KHTML, like Gecko) Code/1.119.0 Chrome/142.0.7444.265 Electron/39.8.8 Safari/537.36"
2026-05-08 17:44:39 [http]: ::1 - - [08/May/2026:12:14:39 +0000] "POST /api/v1/auth/refresh HTTP/1.1" 200 305 "http://localhost:5173/" "Mozilla/5.0 (Windows NT 10.0; Win64; x64) AppleWebKit/537.36 (KHTML, like Gecko) Code/1.119.0 Chrome/142.0.7444.265 Electron/39.8.8 Safari/537.36"
2026-05-08 17:44:39 [http]: ::1 - - [08/May/2026:12:14:39 +0000] "POST /api/v1/auth/refresh HTTP/1.1" 200 305 "http://localhost:5173/" "Mozilla/5.0 (Windows NT 10.0; Win64; x64) AppleWebKit/537.36 (KHTML, like Gecko) Code/1.119.0 Chrome/142.0.7444.265 Electron/39.8.8 Safari/537.36"
2026-05-08 17:44:39 [http]: ::1 - - [08/May/2026:12:14:39 +0000] "GET /api/v1/dashboard HTTP/1.1" 200 344 "http://localhost:5173/" "Mozilla/5.0 (Windows NT 10.0; Win64; x64) AppleWebKit/537.36 (KHTML, like Gecko) Code/1.119.0 Chrome/142.0.7444.265 Electron/39.8.8 Safari/537.36"
2026-05-08 17:44:46 [http]: ::1 - - [08/May/2026:12:14:46 +0000] "GET /api/v1/deals/pipeline HTTP/1.1" 200 59 "http://localhost:5173/" "Mozilla/5.0 (Windows NT 10.0; Win64; x64) AppleWebKit/537.36 (KHTML, like Gecko) Code/1.119.0 Chrome/142.0.7444.265 Electron/39.8.8 Safari/537.36"
2026-05-08 17:45:08 [http]: ::1 - - [08/May/2026:12:15:08 +0000] "POST /api/v1/deals HTTP/1.1" 201 629 "http://localhost:5173/" "Mozilla/5.0 (Windows NT 10.0; Win64; x64) AppleWebKit/537.36 (KHTML, like Gecko) Code/1.119.0 Chrome/142.0.7444.265 Electron/39.8.8 Safari/537.36"
2026-05-08 17:45:09 [http]: ::1 - - [08/May/2026:12:15:09 +0000] "GET /api/v1/deals/pipeline HTTP/1.1" 200 269 "http://localhost:5173/" "Mozilla/5.0 (Windows NT 10.0; Win64; x64) AppleWebKit/537.36 (KHTML, like Gecko) Code/1.119.0 Chrome/142.0.7444.265 Electron/39.8.8 Safari/537.36"
2026-05-08 17:45:18 [http]: ::1 - - [08/May/2026:12:15:18 +0000] "GET /api/v1/contacts?page=1&limit=15 HTTP/1.1" 200 113 "http://localhost:5173/" "Mozilla/5.0 (Windows NT 10.0; Win64; x64) AppleWebKit/537.36 (KHTML, like Gecko) Code/1.119.0 Chrome/142.0.7444.265 Electron/39.8.8 Safari/537.36"
2026-05-08 17:45:20 [http]: ::1 - - [08/May/2026:12:15:20 +0000] "GET /api/v1/accounts?page=1&limit=15 HTTP/1.1" 200 113 "http://localhost:5173/" "Mozilla/5.0 (Windows NT 10.0; Win64; x64) AppleWebKit/537.36 (KHTML, like Gecko) Code/1.119.0 Chrome/142.0.7444.265 Electron/39.8.8 Safari/537.36"
2026-05-08 17:45:22 [http]: ::1 - - [08/May/2026:12:15:22 +0000] "GET /api/v1/activities?page=1&limit=15 HTTP/1.1" 200 115 "http://localhost:5173/" "Mozilla/5.0 (Windows NT 10.0; Win64; x64) AppleWebKit/537.36 (KHTML, like Gecko) Code/1.119.0 Chrome/142.0.7444.265 Electron/39.8.8 Safari/537.36"
2026-05-08 17:54:15 [http]: ::1 - - [08/May/2026:12:24:15 +0000] "GET /api/v1/activities?page=1&limit=15 HTTP/1.1" 304 - "http://localhost:5173/" "Mozilla/5.0 (Windows NT 10.0; Win64; x64) AppleWebKit/537.36 (KHTML, like Gecko) Code/1.119.0 Chrome/142.0.7444.265 Electron/39.8.8 Safari/537.36"
2026-05-08 17:55:16 [http]: ::1 - - [08/May/2026:12:25:16 +0000] "GET /api/v1/activities?page=1&limit=15 HTTP/1.1" 304 - "http://localhost:5173/" "Mozilla/5.0 (Windows NT 10.0; Win64; x64) AppleWebKit/537.36 (KHTML, like Gecko) Code/1.119.0 Chrome/142.0.7444.265 Electron/39.8.8 Safari/537.36"
2026-05-08 17:55:54 [http]: ::1 - - [08/May/2026:12:25:54 +0000] "GET /api/v1/activities?page=1&limit=15 HTTP/1.1" 304 - "http://localhost:5173/" "Mozilla/5.0 (Windows NT 10.0; Win64; x64) AppleWebKit/537.36 (KHTML, like Gecko) Code/1.119.0 Chrome/142.0.7444.265 Electron/39.8.8 Safari/537.36"
2026-05-08 18:15:38 [info]: Server running on port 5000 [development]
2026-05-08 18:15:38 [info]: API docs → http://localhost:5000/api/v1/docs
2026-05-08 18:15:38 [info]: MongoDB connected: 127.0.0.1
